d:\binus - it - slide\semester 6\data science\2019_ite4005_9018720198\decisiontree\debug\vc142.pdb
d:\binus - it - slide\semester 6\data science\2019_ite4005_9018720198\decisiontree\debug\vc142.idb
d:\binus - it - slide\semester 6\data science\2019_ite4005_9018720198\decisiontree\debug\decisiontree.obj
d:\binus - it - slide\semester 6\data science\2019_ite4005_9018720198\decisiontree\debug\dt.pch
d:\binus - it - slide\semester 6\data science\2019_ite4005_9018720198\decisiontree\debug\stdafx.obj
d:\binus - it - slide\semester 6\data science\2019_ite4005_9018720198\decisiontree\debug\decisiontree.exe
d:\binus - it - slide\semester 6\data science\2019_ite4005_9018720198\decisiontree\debug\decisiontree.ilk
d:\binus - it - slide\semester 6\data science\2019_ite4005_9018720198\decisiontree\debug\decisiontree.pdb
d:\binus - it - slide\semester 6\data science\2019_ite4005_9018720198\decisiontree\debug\dt.ilk
d:\binus - it - slide\semester 6\data science\2019_ite4005_9018720198\decisiontree\debug\dt.exe
d:\binus - it - slide\semester 6\data science\2019_ite4005_9018720198\decisiontree\debug\dt.pdb
d:\binus - it - slide\semester 6\data science\2019_ite4005_9018720198\decisiontree\debug\dt.obj
d:\binus - it - slide\semester 6\data science\2019_ite4005_9018720198\decisiontree\debug\decisiontree.new.obj.enc
d:\binus - it - slide\semester 6\data science\2019_ite4005_9018720198\decisiontree\debug\decisiontree.pch
d:\binus - it - slide\semester 6\data science\2019_ite4005_9018720198\decisiontree\debug\vc141.idb
d:\binus - it - slide\semester 6\data science\2019_ite4005_9018720198\decisiontree\debug\vc141.pdb
d:\binus - it - slide\semester 6\data science\2019_ite4005_9018720198\decisiontree\debug\decisiontree.tlog\cl.command.1.tlog
d:\binus - it - slide\semester 6\data science\2019_ite4005_9018720198\decisiontree\debug\decisiontree.tlog\cl.read.1.tlog
d:\binus - it - slide\semester 6\data science\2019_ite4005_9018720198\decisiontree\debug\decisiontree.tlog\cl.write.1.tlog
d:\binus - it - slide\semester 6\data science\2019_ite4005_9018720198\decisiontree\debug\decisiontree.tlog\link.command.1.tlog
d:\binus - it - slide\semester 6\data science\2019_ite4005_9018720198\decisiontree\debug\decisiontree.tlog\link.read.1.tlog
d:\binus - it - slide\semester 6\data science\2019_ite4005_9018720198\decisiontree\debug\decisiontree.tlog\link.write.1.tlog
